This file contains any messages produced by compilers while
running configure, to aid debugging if configure makes a mistake.

It was created by libjpeg-turbo configure 1.2.90, which was
generated by GNU Autoconf 2.59.  Invocation command line was

  $ ./configure --disable-shared --host i686-apple-darwin CFLAGS=-O3 -m32 LDFLAGS=-m32

## --------- ##
## Platform. ##
## --------- ##

hostname = dwong
uname -m = x86_64
uname -r = 12.2.0
uname -s = Darwin
uname -v = Darwin Kernel Version 12.2.0: Sat Aug 25 00:48:52 PDT 2012; root:xnu-2050.18.24~1/RELEASE_X86_64

/usr/bin/uname -p = i386
/bin/uname -X     = unknown

/bin/arch              = unknown
/usr/bin/arch -k       = unknown
/usr/convex/getsysinfo = unknown
hostinfo               = Mach kernel version:
	 Darwin Kernel Version 12.2.0: Sat Aug 25 00:48:52 PDT 2012; root:xnu-2050.18.24~1/RELEASE_X86_64
Kernel configured for up to 8 processors.
4 processors are physically available.
8 processors are logically available.
Processor type: i486 (Intel 80486)
Processors active: 0 1 2 3 4 5 6 7
Primary memory available: 8.00 gigabytes
Default processor set: 131 tasks, 694 threads, 8 processors
Load average: 8.95, Mach factor: 1.06
/bin/machine           = unknown
/usr/bin/oslevel       = unknown
/bin/universe          = unknown

PATH: /usr/local/bin
PATH: /usr/local/lib/node_modules/npm/bin/node-gyp-bin
PATH: /Users/dwong/projects/github/badunk/node-jpegtran-bin/node_modules/.bin
PATH: /usr/bin
PATH: /bin
PATH: /usr/sbin
PATH: /sbin
PATH: /usr/local/bin
PATH: /opt/X11/bin
PATH: /usr/local/git/bin


## ----------- ##
## Core tests. ##
## ----------- ##

configure:1627: checking for a BSD-compatible install
configure:1682: result: /usr/bin/install -c
configure:1693: checking whether build environment is sane
configure:1736: result: yes
configure:1801: checking for gawk
configure:1830: result: no
configure:1801: checking for mawk
configure:1830: result: no
configure:1801: checking for nawk
configure:1830: result: no
configure:1801: checking for awk
configure:1817: found /usr/bin/awk
configure:1827: result: awk
configure:1837: checking whether make sets $(MAKE)
configure:1857: result: yes
configure:1933: checking for i686-apple-darwin-strip
configure:1962: result: no
configure:1971: checking for strip
configure:1987: found /usr/bin/strip
configure:1998: result: strip
configure:2049: checking for style of include used by make
configure:2077: result: GNU
configure:2110: checking for i686-apple-darwin-gcc
configure:2139: result: no
configure:2148: checking for gcc
configure:2164: found /usr/bin/gcc
configure:2174: result: gcc
configure:2418: checking for C compiler version
configure:2421: gcc --version </dev/null >&5
i686-apple-darwin11-llvm-gcc-4.2 (GCC) 4.2.1 (Based on Apple Inc. build 5658) (LLVM build 2336.11.00)
Copyright (C) 2007 Free Software Foundation, Inc.
This is free software; see the source for copying conditions.  There is NO
warranty; not even for MERCHANTABILITY or FITNESS FOR A PARTICULAR PURPOSE.

configure:2424: $? = 0
configure:2426: gcc -v </dev/null >&5
Using built-in specs.
Target: i686-apple-darwin11
Configured with: /private/var/tmp/llvmgcc42/llvmgcc42-2336.11~67/src/configure --disable-checking --enable-werror --prefix=/Applications/Xcode.app/Contents/Developer/usr/llvm-gcc-4.2 --mandir=/share/man --enable-languages=c,objc,c++,obj-c++ --program-prefix=llvm- --program-transform-name=/^[cg][^.-]*$/s/$/-4.2/ --with-slibdir=/usr/lib --build=i686-apple-darwin11 --enable-llvm=/private/var/tmp/llvmgcc42/llvmgcc42-2336.11~67/dst-llvmCore/Developer/usr/local --program-prefix=i686-apple-darwin11- --host=x86_64-apple-darwin11 --target=i686-apple-darwin11 --with-gxx-include-dir=/usr/include/c++/4.2.1
Thread model: posix
gcc version 4.2.1 (Based on Apple Inc. build 5658) (LLVM build 2336.11.00)
configure:2429: $? = 0
configure:2431: gcc -V </dev/null >&5
llvm-gcc-4.2: argument to `-V' is missing
configure:2434: $? = 1
configure:2457: checking for C compiler default output file name
configure:2460: gcc -O3 -m32  -m32 conftest.c  >&5
configure:2463: $? = 0
configure:2509: result: a.out
configure:2514: checking whether the C compiler works
configure:2520: ./a.out
configure:2523: $? = 0
configure:2540: result: yes
configure:2547: checking whether we are cross compiling
configure:2549: result: no
configure:2552: checking for suffix of executables
configure:2554: gcc -o conftest -O3 -m32  -m32 conftest.c  >&5
configure:2557: $? = 0
configure:2582: result: 
configure:2588: checking for suffix of object files
configure:2609: gcc -c -O3 -m32  conftest.c >&5
configure:2612: $? = 0
configure:2634: result: o
configure:2638: checking whether we are using the GNU C compiler
configure:2662: gcc -c -O3 -m32  conftest.c >&5
configure:2668: $? = 0
configure:2672: test -z 
			 || test ! -s conftest.err
configure:2675: $? = 0
configure:2678: test -s conftest.o
configure:2681: $? = 0
configure:2694: result: yes
configure:2700: checking whether gcc accepts -g
configure:2721: gcc -c -g  conftest.c >&5
configure:2727: $? = 0
configure:2731: test -z 
			 || test ! -s conftest.err
configure:2734: $? = 0
configure:2737: test -s conftest.o
configure:2740: $? = 0
configure:2751: result: yes
configure:2768: checking for gcc option to accept ANSI C
configure:2838: gcc  -c -O3 -m32  conftest.c >&5
configure:2844: $? = 0
configure:2848: test -z 
			 || test ! -s conftest.err
configure:2851: $? = 0
configure:2854: test -s conftest.o
configure:2857: $? = 0
configure:2875: result: none needed
configure:2893: gcc -c -O3 -m32  conftest.c >&5
conftest.c:2: error: expected '=', ',', ';', 'asm' or '__attribute__' before 'me'
configure:2899: $? = 1
configure: failed program was:
| #ifndef __cplusplus
|   choke me
| #endif
configure:3034: checking dependency style of gcc
configure:3124: result: gcc3
configure:3146: checking how to run the C preprocessor
configure:3181: gcc -E  conftest.c
configure:3187: $? = 0
configure:3219: gcc -E  conftest.c
conftest.c:12:28: error: ac_nonexistent.h: No such file or directory
configure:3225: $? = 1
configure: failed program was:
| /* confdefs.h.  */
| 
| #define PACKAGE_NAME "libjpeg-turbo"
| #define PACKAGE_TARNAME "libjpeg-turbo"
| #define PACKAGE_VERSION "1.2.90"
| #define PACKAGE_STRING "libjpeg-turbo 1.2.90"
| #define PACKAGE_BUGREPORT ""
| #define PACKAGE "libjpeg-turbo"
| #define VERSION "1.2.90"
| #define HAVE_PROTOTYPES 1
| /* end confdefs.h.  */
| #include <ac_nonexistent.h>
configure:3264: result: gcc -E
configure:3288: gcc -E  conftest.c
configure:3294: $? = 0
configure:3326: gcc -E  conftest.c
conftest.c:12:28: error: ac_nonexistent.h: No such file or directory
configure:3332: $? = 1
configure: failed program was:
| /* confdefs.h.  */
| 
| #define PACKAGE_NAME "libjpeg-turbo"
| #define PACKAGE_TARNAME "libjpeg-turbo"
| #define PACKAGE_VERSION "1.2.90"
| #define PACKAGE_STRING "libjpeg-turbo 1.2.90"
| #define PACKAGE_BUGREPORT ""
| #define PACKAGE "libjpeg-turbo"
| #define VERSION "1.2.90"
| #define HAVE_PROTOTYPES 1
| /* end confdefs.h.  */
| #include <ac_nonexistent.h>
configure:3383: checking for i686-apple-darwin-gcc
configure:3409: result: gcc
configure:3691: checking for C compiler version
configure:3694: gcc --version </dev/null >&5
i686-apple-darwin11-llvm-gcc-4.2 (GCC) 4.2.1 (Based on Apple Inc. build 5658) (LLVM build 2336.11.00)
Copyright (C) 2007 Free Software Foundation, Inc.
This is free software; see the source for copying conditions.  There is NO
warranty; not even for MERCHANTABILITY or FITNESS FOR A PARTICULAR PURPOSE.

configure:3697: $? = 0
configure:3699: gcc -v </dev/null >&5
Using built-in specs.
Target: i686-apple-darwin11
Configured with: /private/var/tmp/llvmgcc42/llvmgcc42-2336.11~67/src/configure --disable-checking --enable-werror --prefix=/Applications/Xcode.app/Contents/Developer/usr/llvm-gcc-4.2 --mandir=/share/man --enable-languages=c,objc,c++,obj-c++ --program-prefix=llvm- --program-transform-name=/^[cg][^.-]*$/s/$/-4.2/ --with-slibdir=/usr/lib --build=i686-apple-darwin11 --enable-llvm=/private/var/tmp/llvmgcc42/llvmgcc42-2336.11~67/dst-llvmCore/Developer/usr/local --program-prefix=i686-apple-darwin11- --host=x86_64-apple-darwin11 --target=i686-apple-darwin11 --with-gxx-include-dir=/usr/include/c++/4.2.1
Thread model: posix
gcc version 4.2.1 (Based on Apple Inc. build 5658) (LLVM build 2336.11.00)
configure:3702: $? = 0
configure:3704: gcc -V </dev/null >&5
llvm-gcc-4.2: argument to `-V' is missing
configure:3707: $? = 1
configure:3710: checking whether we are using the GNU C compiler
configure:3766: result: yes
configure:3772: checking whether gcc accepts -g
configure:3823: result: yes
configure:3840: checking for gcc option to accept ANSI C
configure:3947: result: none needed
configure:3965: gcc -c -O3 -m32  conftest.c >&5
conftest.c:2: error: expected '=', ',', ';', 'asm' or '__attribute__' before 'me'
configure:3971: $? = 1
configure: failed program was:
| #ifndef __cplusplus
|   choke me
| #endif
configure:4106: checking dependency style of gcc
configure:4196: result: gcc3
configure:4233: checking for a BSD-compatible install
configure:4288: result: /usr/bin/install -c
configure:4377: checking build system type
configure:4395: result: i686-apple-darwin12.2.0
configure:4403: checking host system type
configure:4417: result: i686-apple-darwin
configure:4425: checking for a sed that does not truncate output
configure:4479: result: /usr/bin/sed
configure:4482: checking for egrep
configure:4492: result: grep -E
configure:4508: checking for ld used by gcc
configure:4575: result: /usr/llvm-gcc-4.2/libexec/gcc/i686-apple-darwin11/4.2.1/ld
configure:4584: checking if the linker (/usr/llvm-gcc-4.2/libexec/gcc/i686-apple-darwin11/4.2.1/ld) is GNU ld
configure:4599: result: no
configure:4604: checking for /usr/llvm-gcc-4.2/libexec/gcc/i686-apple-darwin11/4.2.1/ld option to reload object files
configure:4611: result: -r
configure:4620: checking for BSD-compatible nm
configure:4662: result: nm
configure:4666: checking whether ln -s works
configure:4670: result: yes
configure:4677: checking how to recognise dependent libraries
configure:4860: result: pass_all
configure:5070: checking for ANSI C header files
configure:5095: gcc -c -O3 -m32  conftest.c >&5
configure:5101: $? = 0
configure:5105: test -z 
			 || test ! -s conftest.err
configure:5108: $? = 0
configure:5111: test -s conftest.o
configure:5114: $? = 0
configure:5203: gcc -o conftest -O3 -m32  -m32 conftest.c  >&5
conftest.c: In function 'main':
conftest.c:29: warning: incompatible implicit declaration of built-in function 'exit'
configure:5206: $? = 0
configure:5208: ./conftest
configure:5211: $? = 0
configure:5226: result: yes
configure:5250: checking for sys/types.h
configure:5266: gcc -c -O3 -m32  conftest.c >&5
configure:5272: $? = 0
configure:5276: test -z 
			 || test ! -s conftest.err
configure:5279: $? = 0
configure:5282: test -s conftest.o
configure:5285: $? = 0
configure:5296: result: yes
configure:5250: checking for sys/stat.h
configure:5266: gcc -c -O3 -m32  conftest.c >&5
configure:5272: $? = 0
configure:5276: test -z 
			 || test ! -s conftest.err
configure:5279: $? = 0
configure:5282: test -s conftest.o
configure:5285: $? = 0
configure:5296: result: yes
configure:5250: checking for stdlib.h
configure:5266: gcc -c -O3 -m32  conftest.c >&5
configure:5272: $? = 0
configure:5276: test -z 
			 || test ! -s conftest.err
configure:5279: $? = 0
configure:5282: test -s conftest.o
configure:5285: $? = 0
configure:5296: result: yes
configure:5250: checking for string.h
configure:5266: gcc -c -O3 -m32  conftest.c >&5
configure:5272: $? = 0
configure:5276: test -z 
			 || test ! -s conftest.err
configure:5279: $? = 0
configure:5282: test -s conftest.o
configure:5285: $? = 0
configure:5296: result: yes
configure:5250: checking for memory.h
configure:5266: gcc -c -O3 -m32  conftest.c >&5
configure:5272: $? = 0
configure:5276: test -z 
			 || test ! -s conftest.err
configure:5279: $? = 0
configure:5282: test -s conftest.o
configure:5285: $? = 0
configure:5296: result: yes
configure:5250: checking for strings.h
configure:5266: gcc -c -O3 -m32  conftest.c >&5
configure:5272: $? = 0
configure:5276: test -z 
			 || test ! -s conftest.err
configure:5279: $? = 0
configure:5282: test -s conftest.o
configure:5285: $? = 0
configure:5296: result: yes
configure:5250: checking for inttypes.h
configure:5266: gcc -c -O3 -m32  conftest.c >&5
configure:5272: $? = 0
configure:5276: test -z 
			 || test ! -s conftest.err
configure:5279: $? = 0
configure:5282: test -s conftest.o
configure:5285: $? = 0
configure:5296: result: yes
configure:5250: checking for stdint.h
configure:5266: gcc -c -O3 -m32  conftest.c >&5
configure:5272: $? = 0
configure:5276: test -z 
			 || test ! -s conftest.err
configure:5279: $? = 0
configure:5282: test -s conftest.o
configure:5285: $? = 0
configure:5296: result: yes
configure:5250: checking for unistd.h
configure:5266: gcc -c -O3 -m32  conftest.c >&5
configure:5272: $? = 0
configure:5276: test -z 
			 || test ! -s conftest.err
configure:5279: $? = 0
configure:5282: test -s conftest.o
configure:5285: $? = 0
configure:5296: result: yes
configure:5322: checking dlfcn.h usability
configure:5334: gcc -c -O3 -m32  conftest.c >&5
configure:5340: $? = 0
configure:5344: test -z 
			 || test ! -s conftest.err
configure:5347: $? = 0
configure:5350: test -s conftest.o
configure:5353: $? = 0
configure:5363: result: yes
configure:5367: checking dlfcn.h presence
configure:5377: gcc -E  conftest.c
configure:5383: $? = 0
configure:5403: result: yes
configure:5438: checking for dlfcn.h
configure:5445: result: yes
configure:5468: checking for i686-apple-darwin-g++
configure:5497: result: no
configure:5468: checking for i686-apple-darwin-c++
configure:5497: result: no
configure:5468: checking for i686-apple-darwin-gpp
configure:5497: result: no
configure:5468: checking for i686-apple-darwin-aCC
configure:5497: result: no
configure:5468: checking for i686-apple-darwin-CC
configure:5497: result: no
configure:5468: checking for i686-apple-darwin-cxx
configure:5497: result: no
configure:5468: checking for i686-apple-darwin-cc++
configure:5497: result: no
configure:5468: checking for i686-apple-darwin-cl
configure:5497: result: no
configure:5468: checking for i686-apple-darwin-FCC
configure:5497: result: no
configure:5468: checking for i686-apple-darwin-KCC
configure:5497: result: no
configure:5468: checking for i686-apple-darwin-RCC
configure:5497: result: no
configure:5468: checking for i686-apple-darwin-xlC_r
configure:5497: result: no
configure:5468: checking for i686-apple-darwin-xlC
configure:5497: result: no
configure:5510: checking for g++
configure:5526: found /usr/bin/g++
configure:5536: result: g++
configure:5552: checking for C++ compiler version
configure:5555: g++ --version </dev/null >&5
i686-apple-darwin11-llvm-g++-4.2 (GCC) 4.2.1 (Based on Apple Inc. build 5658) (LLVM build 2336.11.00)
Copyright (C) 2007 Free Software Foundation, Inc.
This is free software; see the source for copying conditions.  There is NO
warranty; not even for MERCHANTABILITY or FITNESS FOR A PARTICULAR PURPOSE.

configure:5558: $? = 0
configure:5560: g++ -v </dev/null >&5
Using built-in specs.
Target: i686-apple-darwin11
Configured with: /private/var/tmp/llvmgcc42/llvmgcc42-2336.11~67/src/configure --disable-checking --enable-werror --prefix=/Applications/Xcode.app/Contents/Developer/usr/llvm-gcc-4.2 --mandir=/share/man --enable-languages=c,objc,c++,obj-c++ --program-prefix=llvm- --program-transform-name=/^[cg][^.-]*$/s/$/-4.2/ --with-slibdir=/usr/lib --build=i686-apple-darwin11 --enable-llvm=/private/var/tmp/llvmgcc42/llvmgcc42-2336.11~67/dst-llvmCore/Developer/usr/local --program-prefix=i686-apple-darwin11- --host=x86_64-apple-darwin11 --target=i686-apple-darwin11 --with-gxx-include-dir=/usr/include/c++/4.2.1
Thread model: posix
gcc version 4.2.1 (Based on Apple Inc. build 5658) (LLVM build 2336.11.00)
configure:5563: $? = 0
configure:5565: g++ -V </dev/null >&5
llvm-g++-4.2: argument to `-V' is missing
configure:5568: $? = 1
configure:5571: checking whether we are using the GNU C++ compiler
configure:5595: g++ -c   conftest.cc >&5
configure:5601: $? = 0
configure:5605: test -z 
			 || test ! -s conftest.err
configure:5608: $? = 0
configure:5611: test -s conftest.o
configure:5614: $? = 0
configure:5627: result: yes
configure:5633: checking whether g++ accepts -g
configure:5654: g++ -c -g  conftest.cc >&5
configure:5660: $? = 0
configure:5664: test -z 
			 || test ! -s conftest.err
configure:5667: $? = 0
configure:5670: test -s conftest.o
configure:5673: $? = 0
configure:5684: result: yes
configure:5726: g++ -c -g -O2  conftest.cc >&5
configure:5732: $? = 0
configure:5736: test -z 
			 || test ! -s conftest.err
configure:5739: $? = 0
configure:5742: test -s conftest.o
configure:5745: $? = 0
configure:5771: g++ -c -g -O2  conftest.cc >&5
conftest.cc: In function 'int main()':
conftest.cc:27: error: 'exit' was not declared in this scope
configure:5777: $? = 1
configure: failed program was:
| /* confdefs.h.  */
| 
| #define PACKAGE_NAME "libjpeg-turbo"
| #define PACKAGE_TARNAME "libjpeg-turbo"
| #define PACKAGE_VERSION "1.2.90"
| #define PACKAGE_STRING "libjpeg-turbo 1.2.90"
| #define PACKAGE_BUGREPORT ""
| #define PACKAGE "libjpeg-turbo"
| #define VERSION "1.2.90"
| #define HAVE_PROTOTYPES 1
| #define STDC_HEADERS 1
| #define HAVE_SYS_TYPES_H 1
| #define HAVE_SYS_STAT_H 1
| #define HAVE_STDLIB_H 1
| #define HAVE_STRING_H 1
| #define HAVE_MEMORY_H 1
| #define HAVE_STRINGS_H 1
| #define HAVE_INTTYPES_H 1
| #define HAVE_STDINT_H 1
| #define HAVE_UNISTD_H 1
| #define HAVE_DLFCN_H 1
| /* end confdefs.h.  */
| 
| int
| main ()
| {
| exit (42);
|   ;
|   return 0;
| }
configure:5726: g++ -c -g -O2  conftest.cc >&5
conftest.cc:23: error: 'void std::exit(int)' should have been declared inside 'std'
In file included from conftest.cc:24:
/usr/include/stdlib.h:159: error: declaration of 'void std::exit(int)' throws different exceptions
conftest.cc:23: error: from previous declaration 'void std::exit(int) throw ()'
configure:5732: $? = 1
configure: failed program was:
| /* confdefs.h.  */
| 
| #define PACKAGE_NAME "libjpeg-turbo"
| #define PACKAGE_TARNAME "libjpeg-turbo"
| #define PACKAGE_VERSION "1.2.90"
| #define PACKAGE_STRING "libjpeg-turbo 1.2.90"
| #define PACKAGE_BUGREPORT ""
| #define PACKAGE "libjpeg-turbo"
| #define VERSION "1.2.90"
| #define HAVE_PROTOTYPES 1
| #define STDC_HEADERS 1
| #define HAVE_SYS_TYPES_H 1
| #define HAVE_SYS_STAT_H 1
| #define HAVE_STDLIB_H 1
| #define HAVE_STRING_H 1
| #define HAVE_MEMORY_H 1
| #define HAVE_STRINGS_H 1
| #define HAVE_INTTYPES_H 1
| #define HAVE_STDINT_H 1
| #define HAVE_UNISTD_H 1
| #define HAVE_DLFCN_H 1
| /* end confdefs.h.  */
| extern "C" void std::exit (int) throw (); using std::exit;
| #include <stdlib.h>
| int
| main ()
| {
| exit (42);
|   ;
|   return 0;
| }
configure:5726: g++ -c -g -O2  conftest.cc >&5
conftest.cc:23: error: 'void std::exit(int)' should have been declared inside 'std'
configure:5732: $? = 1
configure: failed program was:
| /* confdefs.h.  */
| 
| #define PACKAGE_NAME "libjpeg-turbo"
| #define PACKAGE_TARNAME "libjpeg-turbo"
| #define PACKAGE_VERSION "1.2.90"
| #define PACKAGE_STRING "libjpeg-turbo 1.2.90"
| #define PACKAGE_BUGREPORT ""
| #define PACKAGE "libjpeg-turbo"
| #define VERSION "1.2.90"
| #define HAVE_PROTOTYPES 1
| #define STDC_HEADERS 1
| #define HAVE_SYS_TYPES_H 1
| #define HAVE_SYS_STAT_H 1
| #define HAVE_STDLIB_H 1
| #define HAVE_STRING_H 1
| #define HAVE_MEMORY_H 1
| #define HAVE_STRINGS_H 1
| #define HAVE_INTTYPES_H 1
| #define HAVE_STDINT_H 1
| #define HAVE_UNISTD_H 1
| #define HAVE_DLFCN_H 1
| /* end confdefs.h.  */
| extern "C" void std::exit (int); using std::exit;
| #include <stdlib.h>
| int
| main ()
| {
| exit (42);
|   ;
|   return 0;
| }
configure:5726: g++ -c -g -O2  conftest.cc >&5
In file included from conftest.cc:24:
/usr/include/stdlib.h:159: error: declaration of 'void exit(int)' throws different exceptions
conftest.cc:23: error: from previous declaration 'void exit(int) throw ()'
configure:5732: $? = 1
configure: failed program was:
| /* confdefs.h.  */
| 
| #define PACKAGE_NAME "libjpeg-turbo"
| #define PACKAGE_TARNAME "libjpeg-turbo"
| #define PACKAGE_VERSION "1.2.90"
| #define PACKAGE_STRING "libjpeg-turbo 1.2.90"
| #define PACKAGE_BUGREPORT ""
| #define PACKAGE "libjpeg-turbo"
| #define VERSION "1.2.90"
| #define HAVE_PROTOTYPES 1
| #define STDC_HEADERS 1
| #define HAVE_SYS_TYPES_H 1
| #define HAVE_SYS_STAT_H 1
| #define HAVE_STDLIB_H 1
| #define HAVE_STRING_H 1
| #define HAVE_MEMORY_H 1
| #define HAVE_STRINGS_H 1
| #define HAVE_INTTYPES_H 1
| #define HAVE_STDINT_H 1
| #define HAVE_UNISTD_H 1
| #define HAVE_DLFCN_H 1
| /* end confdefs.h.  */
| extern "C" void exit (int) throw ();
| #include <stdlib.h>
| int
| main ()
| {
| exit (42);
|   ;
|   return 0;
| }
configure:5726: g++ -c -g -O2  conftest.cc >&5
configure:5732: $? = 0
configure:5736: test -z 
			 || test ! -s conftest.err
configure:5739: $? = 0
configure:5742: test -s conftest.o
configure:5745: $? = 0
configure:5771: g++ -c -g -O2  conftest.cc >&5
configure:5777: $? = 0
configure:5781: test -z 
			 || test ! -s conftest.err
configure:5784: $? = 0
configure:5787: test -s conftest.o
configure:5790: $? = 0
configure:5815: checking dependency style of g++
configure:5905: result: gcc3
configure:5927: checking how to run the C++ preprocessor
configure:5958: g++ -E  conftest.cc
configure:5964: $? = 0
configure:5996: g++ -E  conftest.cc
conftest.cc:26:28: error: ac_nonexistent.h: No such file or directory
configure:6002: $? = 1
configure: failed program was:
| /* confdefs.h.  */
| 
| #define PACKAGE_NAME "libjpeg-turbo"
| #define PACKAGE_TARNAME "libjpeg-turbo"
| #define PACKAGE_VERSION "1.2.90"
| #define PACKAGE_STRING "libjpeg-turbo 1.2.90"
| #define PACKAGE_BUGREPORT ""
| #define PACKAGE "libjpeg-turbo"
| #define VERSION "1.2.90"
| #define HAVE_PROTOTYPES 1
| #define STDC_HEADERS 1
| #define HAVE_SYS_TYPES_H 1
| #define HAVE_SYS_STAT_H 1
| #define HAVE_STDLIB_H 1
| #define HAVE_STRING_H 1
| #define HAVE_MEMORY_H 1
| #define HAVE_STRINGS_H 1
| #define HAVE_INTTYPES_H 1
| #define HAVE_STDINT_H 1
| #define HAVE_UNISTD_H 1
| #define HAVE_DLFCN_H 1
| #ifdef __cplusplus
| extern "C" void exit (int);
| #endif
| /* end confdefs.h.  */
| #include <ac_nonexistent.h>
configure:6041: result: g++ -E
configure:6065: g++ -E  conftest.cc
configure:6071: $? = 0
configure:6103: g++ -E  conftest.cc
conftest.cc:26:28: error: ac_nonexistent.h: No such file or directory
configure:6109: $? = 1
configure: failed program was:
| /* confdefs.h.  */
| 
| #define PACKAGE_NAME "libjpeg-turbo"
| #define PACKAGE_TARNAME "libjpeg-turbo"
| #define PACKAGE_VERSION "1.2.90"
| #define PACKAGE_STRING "libjpeg-turbo 1.2.90"
| #define PACKAGE_BUGREPORT ""
| #define PACKAGE "libjpeg-turbo"
| #define VERSION "1.2.90"
| #define HAVE_PROTOTYPES 1
| #define STDC_HEADERS 1
| #define HAVE_SYS_TYPES_H 1
| #define HAVE_SYS_STAT_H 1
| #define HAVE_STDLIB_H 1
| #define HAVE_STRING_H 1
| #define HAVE_MEMORY_H 1
| #define HAVE_STRINGS_H 1
| #define HAVE_INTTYPES_H 1
| #define HAVE_STDINT_H 1
| #define HAVE_UNISTD_H 1
| #define HAVE_DLFCN_H 1
| #ifdef __cplusplus
| extern "C" void exit (int);
| #endif
| /* end confdefs.h.  */
| #include <ac_nonexistent.h>
configure:6162: checking for i686-apple-darwin-g77
configure:6191: result: no
configure:6162: checking for i686-apple-darwin-f77
configure:6191: result: no
configure:6162: checking for i686-apple-darwin-xlf
configure:6191: result: no
configure:6162: checking for i686-apple-darwin-frt
configure:6191: result: no
configure:6162: checking for i686-apple-darwin-pgf77
configure:6191: result: no
configure:6162: checking for i686-apple-darwin-fort77
configure:6191: result: no
configure:6162: checking for i686-apple-darwin-fl32
configure:6191: result: no
configure:6162: checking for i686-apple-darwin-af77
configure:6191: result: no
configure:6162: checking for i686-apple-darwin-f90
configure:6191: result: no
configure:6162: checking for i686-apple-darwin-xlf90
configure:6191: result: no
configure:6162: checking for i686-apple-darwin-pgf90
configure:6191: result: no
configure:6162: checking for i686-apple-darwin-epcf90
configure:6191: result: no
configure:6162: checking for i686-apple-darwin-f95
configure:6191: result: no
configure:6162: checking for i686-apple-darwin-fort
configure:6191: result: no
configure:6162: checking for i686-apple-darwin-xlf95
configure:6191: result: no
configure:6162: checking for i686-apple-darwin-ifc
configure:6191: result: no
configure:6162: checking for i686-apple-darwin-efc
configure:6191: result: no
configure:6162: checking for i686-apple-darwin-pgf95
configure:6191: result: no
configure:6162: checking for i686-apple-darwin-lf95
configure:6191: result: no
configure:6162: checking for i686-apple-darwin-gfortran
configure:6191: result: no
configure:6204: checking for g77
configure:6233: result: no
configure:6204: checking for f77
configure:6233: result: no
configure:6204: checking for xlf
configure:6233: result: no
configure:6204: checking for frt
configure:6233: result: no
configure:6204: checking for pgf77
configure:6233: result: no
configure:6204: checking for fort77
configure:6233: result: no
configure:6204: checking for fl32
configure:6233: result: no
configure:6204: checking for af77
configure:6233: result: no
configure:6204: checking for f90
configure:6233: result: no
configure:6204: checking for xlf90
configure:6233: result: no
configure:6204: checking for pgf90
configure:6233: result: no
configure:6204: checking for epcf90
configure:6233: result: no
configure:6204: checking for f95
configure:6233: result: no
configure:6204: checking for fort
configure:6233: result: no
configure:6204: checking for xlf95
configure:6233: result: no
configure:6204: checking for ifc
configure:6233: result: no
configure:6204: checking for efc
configure:6233: result: no
configure:6204: checking for pgf95
configure:6233: result: no
configure:6204: checking for lf95
configure:6233: result: no
configure:6204: checking for gfortran
configure:6233: result: no
configure:6245: checking for Fortran 77 compiler version
configure:6248:  --version </dev/null >&5
./configure: line 6249: --version: command not found
configure:6251: $? = 127
configure:6253:  -v </dev/null >&5
./configure: line 6254: -v: command not found
configure:6256: $? = 127
configure:6258:  -V </dev/null >&5
./configure: line 6259: -V: command not found
configure:6261: $? = 127
configure:6269: checking whether we are using the GNU Fortran 77 compiler
configure:6283:  -c  conftest.F >&5
./configure: line 6284: -c: command not found
configure:6289: $? = 127
configure: failed program was:
|       program main
| #ifndef __GNUC__
|        choke me
| #endif
| 
|       end
configure:6315: result: no
configure:6321: checking whether  accepts -g
configure:6333:  -c -g conftest.f >&5
./configure: line 6334: -c: command not found
configure:6339: $? = 127
configure: failed program was:
|       program main
| 
|       end
configure:6364: result: no
configure:6394: checking the maximum length of command line arguments
configure:6459: result: 65536
configure:6470: checking command to parse nm output from gcc object
configure:6559: gcc -c -O3 -m32  conftest.c >&5
configure:6562: $? = 0
configure:6566: nm conftest.o \| sed -n -e 's/^.*[ 	]\([BCDEGRST][BCDEGRST]*\)[ 	][ 	]*\(\)\([_A-Za-z][_A-Za-z0-9]*\)$/\1 \2\3 \3/p' \> conftest.nm
configure:6569: $? = 0
cannot find nm_test_var in conftest.nm
configure:6559: gcc -c -O3 -m32  conftest.c >&5
configure:6562: $? = 0
configure:6566: nm conftest.o \| sed -n -e 's/^.*[ 	]\([BCDEGRST][BCDEGRST]*\)[ 	][ 	]*\(_\)\([_A-Za-z][_A-Za-z0-9]*\)$/\1 \2\3 \3/p' \> conftest.nm
configure:6569: $? = 0
configure:6621: gcc -o conftest -O3 -m32  -m32 conftest.c conftstm.o >&5
configure:6624: $? = 0
configure:6662: result: ok
configure:6666: checking for objdir
configure:6681: result: .libs
configure:6733: checking for i686-apple-darwin-ar
configure:6762: result: no
configure:6771: checking for ar
configure:6787: found /usr/bin/ar
configure:6798: result: ar
configure:6813: checking for i686-apple-darwin-ranlib
configure:6842: result: no
configure:6851: checking for ranlib
configure:6867: found /usr/bin/ranlib
configure:6878: result: ranlib
configure:6893: checking for i686-apple-darwin-strip
configure:6919: result: strip
configure:7220: checking if gcc static flag  works
configure:7243: result: yes
configure:7261: checking if gcc supports -fno-rtti -fno-exceptions
configure:7279: gcc -c -O3 -m32  -fno-rtti -fno-exceptions conftest.c >&5
cc1: warning: command line option "-fno-rtti" is valid for C++/ObjC++ but not for C
configure:7283: $? = 0
configure:7294: result: no
configure:7309: checking for gcc option to produce PIC
configure:7486: result: -fno-common
configure:7494: checking if gcc PIC flag -fno-common works
configure:7512: gcc -c -O3 -m32  -fno-common -DPIC conftest.c >&5
configure:7516: $? = 0
configure:7527: result: yes
configure:7551: checking if gcc supports -c -o file.o
configure:7572: gcc -c -O3 -m32  -o out/conftest2.o conftest.c >&5
configure:7576: $? = 0
configure:7596: result: yes
configure:7622: checking whether the gcc linker (/usr/llvm-gcc-4.2/libexec/gcc/i686-apple-darwin11/4.2.1/ld) supports shared libraries
configure:8470: result: yes
configure:8541: checking dynamic linker characteristics
configure:9102: result: darwin dyld
configure:9106: checking how to hardcode library paths into programs
configure:9131: result: immediate
configure:9145: checking whether stripping libraries is possible
configure:9158: result: yes
configure:9980: checking if libtool supports shared libraries
configure:9982: result: yes
configure:9985: checking whether to build shared libraries
configure:10043: result: no
configure:10046: checking whether to build static libraries
configure:10050: result: yes
configure:10142: creating libtool
configure:10689: checking for ld used by g++
configure:10756: result: /usr/llvm-gcc-4.2/libexec/gcc/i686-apple-darwin11/4.2.1/ld
configure:10765: checking if the linker (/usr/llvm-gcc-4.2/libexec/gcc/i686-apple-darwin11/4.2.1/ld) is GNU ld
configure:10780: result: no
configure:10831: checking whether the g++ linker (/usr/llvm-gcc-4.2/libexec/gcc/i686-apple-darwin11/4.2.1/ld) supports shared libraries
configure:11659: result: yes
configure:11677: g++ -c -g -O2  conftest.cc >&5
configure:11680: $? = 0
configure:11776: checking for g++ option to produce PIC
configure:12028: result: -fno-common
configure:12036: checking if g++ PIC flag -fno-common works
configure:12054: g++ -c -g -O2  -fno-common -DPIC conftest.cc >&5
configure:12058: $? = 0
configure:12069: result: yes
configure:12093: checking if g++ supports -c -o file.o
configure:12114: g++ -c -g -O2  -o out/conftest2.o conftest.cc >&5
configure:12118: $? = 0
configure:12138: result: yes
configure:12164: checking whether the g++ linker (/usr/llvm-gcc-4.2/libexec/gcc/i686-apple-darwin11/4.2.1/ld) supports shared libraries
configure:12189: result: yes
configure:12260: checking dynamic linker characteristics
configure:12821: result: darwin dyld
configure:12825: checking how to hardcode library paths into programs
configure:12850: result: immediate
configure:12864: checking whether stripping libraries is possible
configure:12877: result: yes
configure:20146: checking whether ln -s works
configure:20150: result: yes
configure:20159: checking whether compiler supports pointers to undefined structures
configure:20177: gcc -c -O3 -m32  conftest.c >&5
configure:20183: $? = 0
configure:20187: test -z 
			 || test ! -s conftest.err
configure:20190: $? = 0
configure:20193: test -s conftest.o
configure:20196: $? = 0
configure:20198: result: yes
configure:20223: checking whether __SUNPRO_C is declared
configure:20247: gcc -c -O3 -m32 -Wall conftest.c >&5
conftest.c: In function 'main':
conftest.c:64: error: '__SUNPRO_C' undeclared (first use in this function)
conftest.c:64: error: (Each undeclared identifier is reported only once
conftest.c:64: error: for each function it appears in.)
conftest.c:64: warning: unused variable 'p'
configure:20253: $? = 1
configure: failed program was:
| /* confdefs.h.  */
| 
| #define PACKAGE_NAME "libjpeg-turbo"
| #define PACKAGE_TARNAME "libjpeg-turbo"
| #define PACKAGE_VERSION "1.2.90"
| #define PACKAGE_STRING "libjpeg-turbo 1.2.90"
| #define PACKAGE_BUGREPORT ""
| #define PACKAGE "libjpeg-turbo"
| #define VERSION "1.2.90"
| #define HAVE_PROTOTYPES 1
| #define STDC_HEADERS 1
| #define HAVE_SYS_TYPES_H 1
| #define HAVE_SYS_STAT_H 1
| #define HAVE_STDLIB_H 1
| #define HAVE_STRING_H 1
| #define HAVE_MEMORY_H 1
| #define HAVE_STRINGS_H 1
| #define HAVE_INTTYPES_H 1
| #define HAVE_STDINT_H 1
| #define HAVE_UNISTD_H 1
| #define HAVE_DLFCN_H 1
| #ifdef __cplusplus
| extern "C" void exit (int);
| #endif
| /* end confdefs.h.  */
| #include <stdio.h>
| #if HAVE_SYS_TYPES_H
| # include <sys/types.h>
| #endif
| #if HAVE_SYS_STAT_H
| # include <sys/stat.h>
| #endif
| #if STDC_HEADERS
| # include <stdlib.h>
| # include <stddef.h>
| #else
| # if HAVE_STDLIB_H
| #  include <stdlib.h>
| # endif
| #endif
| #if HAVE_STRING_H
| # if !STDC_HEADERS && HAVE_MEMORY_H
| #  include <memory.h>
| # endif
| # include <string.h>
| #endif
| #if HAVE_STRINGS_H
| # include <strings.h>
| #endif
| #if HAVE_INTTYPES_H
| # include <inttypes.h>
| #else
| # if HAVE_STDINT_H
| #  include <stdint.h>
| # endif
| #endif
| #if HAVE_UNISTD_H
| # include <unistd.h>
| #endif
| int
| main ()
| {
| #ifndef __SUNPRO_C
|   char *p = (char *) __SUNPRO_C;
| #endif
| 
|   ;
|   return 0;
| }
configure:20277: result: no
configure:20294: checking for ANSI C header files
configure:20450: result: yes
configure:20476: checking stddef.h usability
configure:20488: gcc -c -O3 -m32 -Wall conftest.c >&5
configure:20494: $? = 0
configure:20498: test -z 
			 || test ! -s conftest.err
configure:20501: $? = 0
configure:20504: test -s conftest.o
configure:20507: $? = 0
configure:20517: result: yes
configure:20521: checking stddef.h presence
configure:20531: gcc -E -Wall conftest.c
configure:20537: $? = 0
configure:20557: result: yes
configure:20592: checking for stddef.h
configure:20599: result: yes
configure:20467: checking for stdlib.h
configure:20472: result: yes
configure:20467: checking for string.h
configure:20472: result: yes
configure:20613: checking for sys/types.h
configure:20618: result: yes
configure:20760: checking for an ANSI C-conforming const
configure:20827: gcc -c -O3 -m32 -Wall conftest.c >&5
conftest.c: In function 'main':
conftest.c:58: warning: unused variable 's'
conftest.c:78: warning: unused variable 'foo'
conftest.c:45: warning: unused variable 'zero'
conftest.c:39: warning: unused variable 'x'
configure:20833: $? = 0
configure:20837: test -z 
			 || test ! -s conftest.err
configure:20840: $? = 0
configure:20843: test -s conftest.o
configure:20846: $? = 0
configure:20857: result: yes
configure:20868: checking whether char is unsigned
configure:20891: gcc -c -O3 -m32 -Wall conftest.c >&5
configure:20897: $? = 0
configure:20901: test -z 
			 || test ! -s conftest.err
configure:20904: $? = 0
configure:20907: test -s conftest.o
configure:20910: $? = 0
configure:20921: result: no
configure:20930: checking for inline
configure:20951: gcc -c -O3 -m32 -Wall conftest.c >&5
configure:20957: $? = 0
configure:20961: test -z 
			 || test ! -s conftest.err
configure:20964: $? = 0
configure:20967: test -s conftest.o
configure:20970: $? = 0
configure:20982: result: inline
configure:21001: checking for size_t
configure:21025: gcc -c -O3 -m32 -Wall conftest.c >&5
configure:21031: $? = 0
configure:21035: test -z 
			 || test ! -s conftest.err
configure:21038: $? = 0
configure:21041: test -s conftest.o
configure:21044: $? = 0
configure:21055: result: yes
configure:21067: checking for unsigned char
configure:21091: gcc -c -O3 -m32 -Wall conftest.c >&5
configure:21097: $? = 0
configure:21101: test -z 
			 || test ! -s conftest.err
configure:21104: $? = 0
configure:21107: test -s conftest.o
configure:21110: $? = 0
configure:21121: result: yes
configure:21131: checking for unsigned short
configure:21155: gcc -c -O3 -m32 -Wall conftest.c >&5
configure:21161: $? = 0
configure:21165: test -z 
			 || test ! -s conftest.err
configure:21168: $? = 0
configure:21171: test -s conftest.o
configure:21174: $? = 0
configure:21185: result: yes
configure:21197: checking if right shift is signed
configure:21231: gcc -o conftest -O3 -m32 -Wall -m32 conftest.c  >&5
conftest.c: In function 'main':
conftest.c:51: warning: implicit declaration of function 'exit'
conftest.c:51: warning: incompatible implicit declaration of built-in function 'exit'
configure:21234: $? = 0
configure:21236: ./conftest
configure:21239: $? = 1
configure: program exited with status 1
configure: failed program was:
| /* confdefs.h.  */
| 
| #define PACKAGE_NAME "libjpeg-turbo"
| #define PACKAGE_TARNAME "libjpeg-turbo"
| #define PACKAGE_VERSION "1.2.90"
| #define PACKAGE_STRING "libjpeg-turbo 1.2.90"
| #define PACKAGE_BUGREPORT ""
| #define PACKAGE "libjpeg-turbo"
| #define VERSION "1.2.90"
| #define HAVE_PROTOTYPES 1
| #define STDC_HEADERS 1
| #define HAVE_SYS_TYPES_H 1
| #define HAVE_SYS_STAT_H 1
| #define HAVE_STDLIB_H 1
| #define HAVE_STRING_H 1
| #define HAVE_MEMORY_H 1
| #define HAVE_STRINGS_H 1
| #define HAVE_INTTYPES_H 1
| #define HAVE_STDINT_H 1
| #define HAVE_UNISTD_H 1
| #define HAVE_DLFCN_H 1
| #ifdef __cplusplus
| extern "C" void exit (int);
| #endif
| #define STDC_HEADERS 1
| #define HAVE_STDDEF_H 1
| #define HAVE_STDLIB_H 1
| #define HAVE_STRING_H 1
| #define NEED_SYS_TYPES_H 1
| #define HAVE_UNSIGNED_CHAR 1
| #define HAVE_UNSIGNED_SHORT 1
| /* end confdefs.h.  */
| #include <stdio.h>
| 	 int is_shifting_signed (long arg) {
| 	 long res = arg >> 4;
| 
| 	 if (res == -0x7F7E80CL)
| 		return 1; /* right shift is signed */
| 
| 	 /* see if unsigned-shift hack will fix it. */
| 	 /* we can't just test exact value since it depends on width of long... */
| 	 res |= (~0L) << (32-4);
| 	 if (res == -0x7F7E80CL)
| 		return 0; /* right shift is unsigned */
| 
| 	 printf("Right shift isn't acting as I expect it to.\n");
| 	 printf("I fear the JPEG software will not work at all.\n\n");
| 	 return 0; /* try it with unsigned anyway */
| 	 }
| 	 int main (void) {
| 		exit(is_shifting_signed(-0x7F7E80B1L));
| 	 }
configure:21254: result: yes
configure:21261: checking for short external names
configure:21280: gcc -o conftest -O3 -m32 -Wall -m32 conftest.c  >&5
configure:21286: $? = 0
configure:21290: test -z 
			 || test ! -s conftest.err
configure:21293: $? = 0
configure:21296: test -s conftest
configure:21299: $? = 0
configure:21301: result: ok
configure:21324: checking for memset
configure:21381: gcc -o conftest -O3 -m32 -Wall -m32 conftest.c  >&5
conftest.c:57: warning: conflicting types for built-in function 'memset'
configure:21387: $? = 0
configure:21391: test -z 
			 || test ! -s conftest.err
configure:21394: $? = 0
configure:21397: test -s conftest
configure:21400: $? = 0
configure:21412: result: yes
configure:21324: checking for memcpy
configure:21381: gcc -o conftest -O3 -m32 -Wall -m32 conftest.c  >&5
conftest.c:58: warning: conflicting types for built-in function 'memcpy'
configure:21387: $? = 0
configure:21391: test -z 
			 || test ! -s conftest.err
configure:21394: $? = 0
configure:21397: test -s conftest
configure:21400: $? = 0
configure:21412: result: yes
configure:21429: checking libjpeg API version
configure:21457: result: 6.2
configure:21486: checking whether to include in-memory source/destination managers
configure:21495: result: yes
configure:21511: checking libjpeg shared library version
configure:21513: result: 62.1.0
configure:21535: checking whether the linker supports version scripts
configure:21560: gcc -o conftest -O3 -m32 -Wall -m32 -Wl,--version-script,conftest.map conftest.c  >&5
ld: unknown option: --version-script
collect2: ld returned 1 exit status
configure:21566: $? = 1
configure: failed program was:
| /* confdefs.h.  */
| 
| #define PACKAGE_NAME "libjpeg-turbo"
| #define PACKAGE_TARNAME "libjpeg-turbo"
| #define PACKAGE_VERSION "1.2.90"
| #define PACKAGE_STRING "libjpeg-turbo 1.2.90"
| #define PACKAGE_BUGREPORT ""
| #define PACKAGE "libjpeg-turbo"
| #define VERSION "1.2.90"
| #define HAVE_PROTOTYPES 1
| #define STDC_HEADERS 1
| #define HAVE_SYS_TYPES_H 1
| #define HAVE_SYS_STAT_H 1
| #define HAVE_STDLIB_H 1
| #define HAVE_STRING_H 1
| #define HAVE_MEMORY_H 1
| #define HAVE_STRINGS_H 1
| #define HAVE_INTTYPES_H 1
| #define HAVE_STDINT_H 1
| #define HAVE_UNISTD_H 1
| #define HAVE_DLFCN_H 1
| #ifdef __cplusplus
| extern "C" void exit (int);
| #endif
| #define STDC_HEADERS 1
| #define HAVE_STDDEF_H 1
| #define HAVE_STDLIB_H 1
| #define HAVE_STRING_H 1
| #define NEED_SYS_TYPES_H 1
| #define HAVE_UNSIGNED_CHAR 1
| #define HAVE_UNSIGNED_SHORT 1
| #define HAVE_MEMSET 1
| #define HAVE_MEMCPY 1
| #define JPEG_LIB_VERSION 62
| #define MEM_SRCDST_SUPPORTED 1
| #define LIBJPEG_TURBO_VERSION 1.2.90
| /* end confdefs.h.  */
| 
| int
| main ()
| {
| 
|   ;
|   return 0;
| }
configure:21608: gcc -o conftest -O3 -m32 -Wall -m32 -Wl,-M,conftest.map conftest.c  >&5
ld: warning: ignoring file conftest.map, file was built for unsupported file format ( 0x56 0x45 0x52 0x53 0x5f 0x31 0x20 0x7b 0x a 0x20 0x20 0x67 0x6c 0x6f 0x62 0x61 ) which is not the architecture being linked (i386): conftest.map
configure:21614: $? = 0
configure:21618: test -z 
			 || test ! -s conftest.err
configure:21621: $? = 0
configure:21624: test -s conftest
configure:21627: $? = 0
configure:21629: result: yes (Sun style)
configure:21646: checking whether to use version script when building libjpeg-turbo
configure:21648: result: yes
configure:21664: checking for inline
configure:21684: gcc -c -O3 -m32 -Wall conftest.c >&5
conftest.c: In function 'main':
conftest.c:42: warning: control reaches end of non-void function
configure:21690: $? = 0
configure:21694: test -z 
			 || test ! -s conftest.err
configure:21697: $? = 0
configure:21700: test -s conftest.o
configure:21703: $? = 0
configure:21847: result: __attribute__((always_inline))
configure:21856: checking whether to include arithmetic encoding support
configure:21874: result: yes
configure:21888: checking whether to include arithmetic decoding support
configure:21906: result: yes
configure:21932: checking whether to build TurboJPEG C wrapper
configure:21945: result: yes
configure:21969: checking whether to build TurboJPEG Java wrapper
configure:22165: result: no
configure:22210: checking if we have SIMD optimisations for cpu type
configure:22416: result: yes (i386)
configure:22424: checking for nasm
configure:22440: found /usr/local/bin/nasm
configure:22450: result: nasm
configure:22464: checking for object file format of host system
configure:22538: result: Mach-O
configure:22546: checking for object file format specifier (NAFLAGS) 
configure:22561: result: -fmacho -DMACHO
configure:22565: checking whether the assembler (nasm -fmacho -DMACHO) works
configure:22576: nasm -fmacho -DMACHO -o conftest.o conftest.asm
configure:22579: $? = 0
configure:22581: result: yes
configure:22594: checking whether the linker accepts assembler output
configure:22597: gcc -o conftest -m32 conftest.o  1>&5
configure:22600: $? = 0
configure:22603: result: yes
configure:23090: creating ./config.status

## ---------------------- ##
## Running config.status. ##
## ---------------------- ##

This file was extended by libjpeg-turbo config.status 1.2.90, which was
generated by GNU Autoconf 2.59.  Invocation command line was

  CONFIG_FILES    = 
  CONFIG_HEADERS  = 
  CONFIG_LINKS    = 
  CONFIG_COMMANDS = 
  $ ./config.status 

on dwong

config.status:776: creating pkgscripts/libjpeg-turbo.spec
config.status:776: creating pkgscripts/makecygwinpkg
config.status:776: creating pkgscripts/makedpkg
config.status:776: creating pkgscripts/makemacpkg
config.status:776: creating pkgscripts/Description.plist
config.status:776: creating pkgscripts/Info.plist
config.status:776: creating pkgscripts/uninstall
config.status:776: creating tjbenchtest
config.status:776: creating libjpeg.map
config.status:776: creating Makefile
config.status:776: creating simd/Makefile
config.status:776: creating java/Makefile
config.status:880: creating config.h
config.status:1024: config.h is unchanged
config.status:880: creating jconfig.h
config.status:1024: jconfig.h is unchanged
config.status:1204: executing depfiles commands

## ---------------- ##
## Cache variables. ##
## ---------------- ##

ac_cv_build=i686-apple-darwin12.2.0
ac_cv_build_alias=i686-apple-darwin12.2.0
ac_cv_c_char_unsigned=no
ac_cv_c_compiler_gnu=yes
ac_cv_c_const=yes
ac_cv_c_inline=inline
ac_cv_cxx_compiler_gnu=yes
ac_cv_env_CCASFLAGS_set=
ac_cv_env_CCASFLAGS_value=
ac_cv_env_CCAS_set=
ac_cv_env_CCAS_value=
ac_cv_env_CC_set=
ac_cv_env_CC_value=
ac_cv_env_CFLAGS_set=set
ac_cv_env_CFLAGS_value='-O3 -m32'
ac_cv_env_CPPFLAGS_set=
ac_cv_env_CPPFLAGS_value=
ac_cv_env_CPP_set=
ac_cv_env_CPP_value=
ac_cv_env_CXXCPP_set=
ac_cv_env_CXXCPP_value=
ac_cv_env_CXXFLAGS_set=
ac_cv_env_CXXFLAGS_value=
ac_cv_env_CXX_set=
ac_cv_env_CXX_value=
ac_cv_env_F77_set=
ac_cv_env_F77_value=
ac_cv_env_FFLAGS_set=
ac_cv_env_FFLAGS_value=
ac_cv_env_JAR_set=
ac_cv_env_JAR_value=
ac_cv_env_JAVACFLAGS_set=
ac_cv_env_JAVACFLAGS_value=
ac_cv_env_JAVAC_set=
ac_cv_env_JAVAC_value=
ac_cv_env_JAVA_set=
ac_cv_env_JAVA_value=
ac_cv_env_JNI_CFLAGS_set=
ac_cv_env_JNI_CFLAGS_value=
ac_cv_env_JPEG_LIB_VERSION_set=
ac_cv_env_JPEG_LIB_VERSION_value=
ac_cv_env_LDFLAGS_set=set
ac_cv_env_LDFLAGS_value=-m32
ac_cv_env_SO_MAJOR_VERSION_set=
ac_cv_env_SO_MAJOR_VERSION_value=
ac_cv_env_SO_MINOR_VERSION_set=
ac_cv_env_SO_MINOR_VERSION_value=
ac_cv_env_build_alias_set=
ac_cv_env_build_alias_value=
ac_cv_env_host_alias_set=set
ac_cv_env_host_alias_value=i686-apple-darwin
ac_cv_env_target_alias_set=
ac_cv_env_target_alias_value=
ac_cv_exeext=
ac_cv_f77_compiler_gnu=no
ac_cv_func_memcpy=yes
ac_cv_func_memset=yes
ac_cv_have_decl___SUNPRO_C=no
ac_cv_header_dlfcn_h=yes
ac_cv_header_inttypes_h=yes
ac_cv_header_memory_h=yes
ac_cv_header_stdc=yes
ac_cv_header_stddef_h=yes
ac_cv_header_stdint_h=yes
ac_cv_header_stdlib_h=yes
ac_cv_header_string_h=yes
ac_cv_header_strings_h=yes
ac_cv_header_sys_stat_h=yes
ac_cv_header_sys_types_h=yes
ac_cv_header_unistd_h=yes
ac_cv_host=i686-apple-darwin
ac_cv_host_alias=i686-apple-darwin
ac_cv_objext=o
ac_cv_path_install='/usr/bin/install -c'
ac_cv_prog_AWK=awk
ac_cv_prog_CC=gcc
ac_cv_prog_CPP='gcc -E'
ac_cv_prog_CXXCPP='g++ -E'
ac_cv_prog_NASM=nasm
ac_cv_prog_STRIP=strip
ac_cv_prog_ac_ct_AR=ar
ac_cv_prog_ac_ct_CC=gcc
ac_cv_prog_ac_ct_CXX=g++
ac_cv_prog_ac_ct_RANLIB=ranlib
ac_cv_prog_ac_ct_STRIP=strip
ac_cv_prog_cc_g=yes
ac_cv_prog_cc_stdc=
ac_cv_prog_cxx_g=yes
ac_cv_prog_egrep='grep -E'
ac_cv_prog_f77_g=no
ac_cv_prog_make_make_set=yes
ac_cv_type_size_t=yes
ac_cv_type_unsigned_char=yes
ac_cv_type_unsigned_short=yes
am_cv_CC_dependencies_compiler_type=gcc3
am_cv_CXX_dependencies_compiler_type=gcc3
ljt_cv_inline='__attribute__((always_inline))'
lt_cv_deplibs_check_method=pass_all
lt_cv_file_magic_cmd='$MAGIC_CMD'
lt_cv_file_magic_test_file=
lt_cv_ld_reload_flag=-r
lt_cv_objdir=.libs
lt_cv_path_LD=/usr/llvm-gcc-4.2/libexec/gcc/i686-apple-darwin11/4.2.1/ld
lt_cv_path_LDCXX=/usr/llvm-gcc-4.2/libexec/gcc/i686-apple-darwin11/4.2.1/ld
lt_cv_path_NM=nm
lt_cv_path_SED=/usr/bin/sed
lt_cv_prog_compiler_c_o=yes
lt_cv_prog_compiler_c_o_CXX=yes
lt_cv_prog_compiler_rtti_exceptions=no
lt_cv_prog_gnu_ld=no
lt_cv_prog_gnu_ldcxx=no
lt_cv_sys_global_symbol_pipe='sed -n -e '\''s/^.*[ 	]\([BCDEGRST][BCDEGRST]*\)[ 	][ 	]*\(_\)\([_A-Za-z][_A-Za-z0-9]*\)$/\1 \2\3 \3/p'\'''
lt_cv_sys_global_symbol_to_c_name_address='sed -n -e '\''s/^: \([^ ]*\) $/  {\"\1\", (lt_ptr) 0},/p'\'' -e '\''s/^[BCDEGRST] \([^ ]*\) \([^ ]*\)$/  {"\2", (lt_ptr) \&\2},/p'\'''
lt_cv_sys_global_symbol_to_cdecl='sed -n -e '\''s/^. .* \(.*\)$/extern int \1;/p'\'''
lt_cv_sys_max_cmd_len=65536
lt_lt_cv_prog_compiler_c_o='"yes"'
lt_lt_cv_prog_compiler_c_o_CXX='"yes"'
lt_lt_cv_sys_global_symbol_pipe='"sed -n -e '\''s/^.*[ 	]\\([BCDEGRST][BCDEGRST]*\\)[ 	][ 	]*\\(_\\)\\([_A-Za-z][_A-Za-z0-9]*\\)\$/\\1 \\2\\3 \\3/p'\''"'
lt_lt_cv_sys_global_symbol_to_c_name_address='"sed -n -e '\''s/^: \\([^ ]*\\) \$/  {\\\"\\1\\\", (lt_ptr) 0},/p'\'' -e '\''s/^[BCDEGRST] \\([^ ]*\\) \\([^ ]*\\)\$/  {\"\\2\", (lt_ptr) \\&\\2},/p'\''"'
lt_lt_cv_sys_global_symbol_to_cdecl='"sed -n -e '\''s/^. .* \\(.*\\)\$/extern int \\1;/p'\''"'

## ----------------- ##
## Output variables. ##
## ----------------- ##

ACLOCAL='${SHELL} /Users/dwong/projects/github/badunk/node-jpegtran-bin/libjpeg-turbo/missing --run aclocal-1.9'
AMDEPBACKSLASH='\'
AMDEP_FALSE='#'
AMDEP_TRUE=''
AMTAR='${SHELL} /Users/dwong/projects/github/badunk/node-jpegtran-bin/libjpeg-turbo/missing --run tar'
AR='ar'
AUTOCONF='${SHELL} /Users/dwong/projects/github/badunk/node-jpegtran-bin/libjpeg-turbo/missing --run autoconf'
AUTOHEADER='${SHELL} /Users/dwong/projects/github/badunk/node-jpegtran-bin/libjpeg-turbo/missing --run autoheader'
AUTOMAKE='${SHELL} /Users/dwong/projects/github/badunk/node-jpegtran-bin/libjpeg-turbo/missing --run automake-1.9'
AWK='awk'
BUILD='20130223'
CC='gcc'
CCAS='gcc'
CCASFLAGS='-O3 -m32'
CCDEPMODE='depmode=gcc3'
CFLAGS='-O3 -m32'
CPP='gcc -E'
CPPFLAGS='-Wall'
CXX='g++'
CXXCPP='g++ -E'
CXXDEPMODE='depmode=gcc3'
CXXFLAGS='-g -O2'
CYGPATH_W='echo'
DEBARCH='i386'
DEFS='-DHAVE_CONFIG_H'
DEPDIR='.deps'
ECHO='/bin/echo'
ECHO_C='ECHO_N=''
ECHO_T=''
EGREP='grep -E'
EXEEXT=''
F77=''
FFLAGS=''
INSTALL_DATA='${INSTALL} -m 644'
INSTALL_PROGRAM='${INSTALL}'
INSTALL_SCRIPT='${INSTALL}'
INSTALL_STRIP_PROGRAM='${SHELL} $(install_sh) -c -s'
JAR='jar'
JAVA='java'
JAVAC='javac'
JAVACFLAGS=''
JAVA_RPM_CONTENTS_1=''
JAVA_RPM_CONTENTS_2=''
JNI_CFLAGS=''
JPEG_LIB_VERSION='62'
JPEG_LIB_VERSION_DECIMAL='6.2'
LDFLAGS='-m32'
LIBOBJS=''
LIBS=''
LIBTOOL='$(SHELL) $(top_builddir)/libtool'
LIBTOOL_CURRENT='63'
LN_S='ln -s'
LTLIBOBJS=''
MAKEINFO='${SHELL} /Users/dwong/projects/github/badunk/node-jpegtran-bin/libjpeg-turbo/missing --run makeinfo'
MEM_SRCDST_FUNCTIONS='global:  jpeg_mem_dest;  jpeg_mem_src;'
NAFLAGS='-fmacho -DMACHO'
NASM='nasm'
OBJEXT='o'
PACKAGE='libjpeg-turbo'
PACKAGE_BUGREPORT=''
PACKAGE_NAME='libjpeg-turbo'
PACKAGE_STRING='libjpeg-turbo 1.2.90'
PACKAGE_TARNAME='libjpeg-turbo'
PACKAGE_VERSION='1.2.90'
PATH_SEPARATOR=':'
RANLIB='ranlib'
RPMARCH='i386'
RPM_CONFIG_ARGS=''
SET_MAKE=''
SHELL='/bin/sh'
SIMD_ARM_FALSE=''
SIMD_ARM_TRUE='#'
SIMD_I386_FALSE='#'
SIMD_I386_TRUE=''
SIMD_X86_64_FALSE=''
SIMD_X86_64_TRUE='#'
SO_AGE='1'
SO_MAJOR_VERSION='62'
SO_MINOR_VERSION='0'
STRIP='strip'
VERSION='1.2.90'
VERSION_SCRIPT_FALSE='#'
VERSION_SCRIPT_FLAG='-Wl,-M,'
VERSION_SCRIPT_TRUE=''
WITH_ARITH_DEC_FALSE='#'
WITH_ARITH_DEC_TRUE=''
WITH_ARITH_ENC_FALSE='#'
WITH_ARITH_ENC_TRUE=''
WITH_ARITH_FALSE='#'
WITH_ARITH_TRUE=''
WITH_JAVA='0'
WITH_JAVA_FALSE=''
WITH_JAVA_TRUE='#'
WITH_SIMD_FALSE='#'
WITH_SIMD_TRUE=''
WITH_SSE_FLOAT_DCT_FALSE='#'
WITH_SSE_FLOAT_DCT_TRUE=''
WITH_TURBOJPEG_FALSE='#'
WITH_TURBOJPEG_TRUE=''
X86_64_FALSE=''
X86_64_TRUE='#'
ac_ct_AR='ar'
ac_ct_CC='gcc'
ac_ct_CXX='g++'
ac_ct_F77=''
ac_ct_RANLIB='ranlib'
ac_ct_STRIP='strip'
am__fastdepCC_FALSE='#'
am__fastdepCC_TRUE=''
am__fastdepCXX_FALSE='#'
am__fastdepCXX_TRUE=''
am__include='include'
am__leading_dot='.'
am__quote=''
am__tar='${AMTAR} chof - "$$tardir"'
am__untar='${AMTAR} xf -'
bindir='${exec_prefix}/bin'
build='i686-apple-darwin12.2.0'
build_alias=''
build_cpu='i686'
build_os='darwin12.2.0'
build_vendor='apple'
datadir='${prefix}/share'
exec_prefix='${prefix}'
host='i686-apple-darwin'
host_alias='i686-apple-darwin'
host_cpu='i686'
host_os='darwin'
host_vendor='apple'
includedir='${prefix}/include'
infodir='${prefix}/info'
install_sh='/Users/dwong/projects/github/badunk/node-jpegtran-bin/libjpeg-turbo/install-sh'
libdir='${exec_prefix}/lib'
libexecdir='${exec_prefix}/libexec'
localstatedir='${prefix}/var'
mandir='${prefix}/man'
mkdir_p='$(install_sh) -d'
oldincludedir='/usr/include'
prefix='/opt/libjpeg-turbo'
program_transform_name='s,x,x,'
sbindir='${exec_prefix}/sbin'
sharedstatedir='${prefix}/com'
sysconfdir='${prefix}/etc'
target_alias=''

## ----------- ##
## confdefs.h. ##
## ----------- ##

#define BUILD "20130223"
#define C_ARITH_CODING_SUPPORTED 1
#define D_ARITH_CODING_SUPPORTED 1
#define HAVE_DLFCN_H 1
#define HAVE_INTTYPES_H 1
#define HAVE_MEMCPY 1
#define HAVE_MEMORY_H 1
#define HAVE_MEMSET 1
#define HAVE_PROTOTYPES 1
#define HAVE_STDDEF_H 1
#define HAVE_STDINT_H 1
#define HAVE_STDLIB_H 1
#define HAVE_STDLIB_H 1
#define HAVE_STRINGS_H 1
#define HAVE_STRING_H 1
#define HAVE_STRING_H 1
#define HAVE_SYS_STAT_H 1
#define HAVE_SYS_TYPES_H 1
#define HAVE_UNISTD_H 1
#define HAVE_UNSIGNED_CHAR 1
#define HAVE_UNSIGNED_SHORT 1
#define INLINE __attribute__((always_inline))
#define JPEG_LIB_VERSION 62
#define LIBJPEG_TURBO_VERSION 1.2.90
#define MEM_SRCDST_SUPPORTED 1
#define NEED_SYS_TYPES_H 1
#define PACKAGE "libjpeg-turbo"
#define PACKAGE_BUGREPORT ""
#define PACKAGE_NAME "libjpeg-turbo"
#define PACKAGE_STRING "libjpeg-turbo 1.2.90"
#define PACKAGE_TARNAME "libjpeg-turbo"
#define PACKAGE_VERSION "1.2.90"
#define STDC_HEADERS 1
#define STDC_HEADERS 1
#define VERSION "1.2.90"
#define WITH_SIMD 1
#endif
#ifdef __cplusplus
extern "C" void exit (int);

configure: exit 0
